<?xml version="1.0" encoding="UTF-8"?>
<!-- Generated by org.testng.reporters.JUnitReportReporter -->
<testsuite hostname="DESKTOP-T5RRT8M" failures="0" tests="6" name="testng.TestNG_2_Priority_order" time="11.117" errors="0" timestamp="2024-03-05T14:05:06 IST" skipped="0">
  <testcase classname="testng.TestNG_2_Priority_order" name="gmail" time="1.740"/>
  <system-out/>
  <testcase classname="testng.TestNG_2_Priority_order" name="twitter" time="2.354"/>
  <system-out/>
  <testcase classname="testng.TestNG_2_Priority_order" name="google" time="1.181"/>
  <system-out/>
  <testcase classname="testng.TestNG_2_Priority_order" name="selenium" time="1.128"/>
  <system-out/>
  <testcase classname="testng.TestNG_2_Priority_order" name="redmine" time="3.786"/>
  <system-out/>
  <testcase classname="testng.TestNG_2_Priority_order" name="facebook" time="0.928"/>
  <system-out/>
</testsuite> <!-- testng.TestNG_2_Priority_order -->
