<?xml version="1.0" encoding="UTF-8"?>
<!-- Generated by org.testng.reporters.JUnitReportReporter -->
<testsuite hostname="DESKTOP-T5RRT8M" failures="0" tests="1" name="frames.FramesFeatures" time="29.860" errors="0" timestamp="2024-03-04T14:25:31 IST" skipped="0">
  <testcase classname="frames.FramesFeatures" name="clickontryit" time="29.860"/>
  <system-out/>
</testsuite> <!-- frames.FramesFeatures -->
