<?xml version="1.0" encoding="UTF-8"?>
<!-- Generated by org.testng.reporters.JUnitReportReporter -->
<testsuite hostname="DESKTOP-T5RRT8M" failures="0" tests="1" name="log4j.Log4jTutorial" time="3.509" errors="0" timestamp="2024-03-04T17:33:22 IST" skipped="0">
  <testcase classname="log4j.Log4jTutorial" name="googlesearch" time="3.509"/>
  <system-out/>
</testsuite> <!-- log4j.Log4jTutorial -->
