<?xml version="1.0" encoding="UTF-8"?>
<!-- Generated by org.testng.reporters.JUnitReportReporter -->
<testsuite hostname="DESKTOP-T5RRT8M" failures="0" tests="3" name="alertpopupwindowhandles.AlertWindowHandles" time="47.673" errors="0" timestamp="2024-03-02T17:00:05 IST" skipped="0">
  <testcase classname="alertpopupwindowhandles.AlertWindowHandles" name="sendtextinalertokbutton" time="14.936"/>
  <system-out/>
  <testcase classname="alertpopupwindowhandles.AlertWindowHandles" name="cancelbutton" time="16.830"/>
  <system-out/>
  <testcase classname="alertpopupwindowhandles.AlertWindowHandles" name="okbutton" time="15.907"/>
  <system-out/>
</testsuite> <!-- alertpopupwindowhandles.AlertWindowHandles -->
