<?xml version="1.0" encoding="UTF-8"?>
<!-- Generated by org.testng.reporters.JUnitReportReporter -->
<testsuite hostname="DESKTOP-T5RRT8M" failures="0" tests="3" name="verifytabtitleurlapptext.TabTitleURLAppText" time="2.833" errors="0" timestamp="2023-12-19T08:23:29 IST" skipped="0">
  <testcase classname="verifytabtitleurlapptext.TabTitleURLAppText" name="verifyTabTitle" time="1.352"/>
  <system-out/>
  <testcase classname="verifytabtitleurlapptext.TabTitleURLAppText" name="verifyText" time="0.811"/>
  <system-out/>
  <testcase classname="verifytabtitleurlapptext.TabTitleURLAppText" name="verifyURL" time="0.670"/>
  <system-out/>
</testsuite> <!-- verifytabtitleurlapptext.TabTitleURLAppText -->
