<?xml version="1.0" encoding="UTF-8"?>
<!-- Generated by org.testng.reporters.JUnitReportReporter -->
<testsuite hostname="DESKTOP-T5RRT8M" failures="0" tests="1" name="dropdown.DropDownValues" time="8.761" errors="0" timestamp="2024-03-02T10:38:17 IST" skipped="0">
  <testcase classname="dropdown.DropDownValues" name="dropdownselection" time="8.761"/>
  <system-out/>
</testsuite> <!-- dropdown.DropDownValues -->
