<?xml version="1.0" encoding="UTF-8"?>
<!-- Generated by org.testng.reporters.JUnitReportReporter -->
<testsuite hostname="DESKTOP-T5RRT8M" failures="0" tests="3" name="isdisplayedisenabledisselected.NewTest" time="20.819" errors="0" timestamp="2024-03-03T10:58:52 IST" skipped="0">
  <testcase classname="isdisplayedisenabledisselected.NewTest" name="isdisplayedmethod" time="11.631"/>
  <system-out/>
  <testcase classname="isdisplayedisenabledisselected.NewTest" name="isenabledmethod" time="5.096"/>
  <system-out/>
  <testcase classname="isdisplayedisenabledisselected.NewTest" name="isselectedmethod" time="4.092"/>
  <system-out/>
</testsuite> <!-- isdisplayedisenabledisselected.NewTest -->
