<?xml version="1.0" encoding="UTF-8"?>
<!-- Generated by org.testng.reporters.JUnitReportReporter -->
<testsuite hostname="DESKTOP-T5RRT8M" failures="0" tests="6" name="testng.TestNG_3_Ignore_Skip_Disabled" time="5.506" errors="0" timestamp="2023-12-09T09:22:09 IST" skipped="4">
  <testcase classname="testng.TestNG_3_Ignore_Skip_Disabled" name="selenium" time="3.544"/>
  <system-out/>
  <testcase classname="testng.TestNG_3_Ignore_Skip_Disabled" name="facebook" time="1.962"/>
  <system-out/>
  <testcase classname="testng.TestNG_3_Ignore_Skip_Disabled" name="gmail">
    <skipped/>
  </testcase> <!-- gmail -->
  <system-out/>
  <testcase classname="testng.TestNG_3_Ignore_Skip_Disabled" name="twitter">
    <skipped/>
  </testcase> <!-- twitter -->
  <system-out/>
  <testcase classname="testng.TestNG_3_Ignore_Skip_Disabled" name="google">
    <skipped/>
  </testcase> <!-- google -->
  <system-out/>
  <testcase classname="testng.TestNG_3_Ignore_Skip_Disabled" name="redmine">
    <skipped/>
  </testcase> <!-- redmine -->
  <system-out/>
</testsuite> <!-- testng.TestNG_3_Ignore_Skip_Disabled -->
