<?xml version="1.0" encoding="UTF-8"?>
<!-- Generated by org.testng.reporters.JUnitReportReporter -->
<testsuite hostname="DESKTOP-T5RRT8M" failures="0" tests="6" name="testng.TestNG_7_Run_TestCases_XML_Suite" time="12.034" errors="0" timestamp="2024-03-02T18:07:42 IST" skipped="0">
  <testcase classname="testng.TestNG_7_Run_TestCases_XML_Suite" name="facebook" time="1.007"/>
  <system-out/>
  <testcase classname="testng.TestNG_7_Run_TestCases_XML_Suite" name="redmine" time="3.979"/>
  <system-out/>
  <testcase classname="testng.TestNG_7_Run_TestCases_XML_Suite" name="selenium" time="0.773"/>
  <system-out/>
  <testcase classname="testng.TestNG_7_Run_TestCases_XML_Suite" name="gmail" time="2.687"/>
  <system-out/>
  <testcase classname="testng.TestNG_7_Run_TestCases_XML_Suite" name="twitter" time="2.278"/>
  <system-out/>
  <testcase classname="testng.TestNG_7_Run_TestCases_XML_Suite" name="google" time="1.310"/>
  <system-out/>
</testsuite> <!-- testng.TestNG_7_Run_TestCases_XML_Suite -->
