<?xml version="1.0" encoding="UTF-8"?>
<!-- Generated by org.testng.reporters.JUnitReportReporter -->
<testsuite hostname="DESKTOP-T5RRT8M" failures="0" tests="5" name="actionsclassprograms.RightDobleDragMouseKeyboard" time="10.852" errors="0" timestamp="2024-03-04T14:03:30 IST" skipped="4">
  <testcase classname="actionsclassprograms.RightDobleDragMouseKeyboard" name="keyboardfuncation" time="10.852"/>
  <system-out/>
  <testcase classname="actionsclassprograms.RightDobleDragMouseKeyboard" name="rightclick">
    <skipped/>
  </testcase> <!-- rightclick -->
  <system-out/>
  <testcase classname="actionsclassprograms.RightDobleDragMouseKeyboard" name="draganddrop">
    <skipped/>
  </testcase> <!-- draganddrop -->
  <system-out/>
  <testcase classname="actionsclassprograms.RightDobleDragMouseKeyboard" name="doubleclick">
    <skipped/>
  </testcase> <!-- doubleclick -->
  <system-out/>
  <testcase classname="actionsclassprograms.RightDobleDragMouseKeyboard" name="mousehover">
    <skipped/>
  </testcase> <!-- mousehover -->
  <system-out/>
</testsuite> <!-- actionsclassprograms.RightDobleDragMouseKeyboard -->
