<?xml version="1.0" encoding="UTF-8"?>
<!-- Generated by org.testng.reporters.JUnitReportReporter -->
<testsuite hostname="DESKTOP-T5RRT8M" failures="0" tests="2" name="testng.TestNG_8_Groups_TC" time="4.893" errors="0" timestamp="2024-03-05T19:01:51 IST" skipped="0">
  <testcase classname="testng.TestNG_8_Groups_TC" name="zomato" time="2.333"/>
  <system-out/>
  <testcase classname="testng.TestNG_8_Groups_TC" name="swiggy" time="2.560"/>
  <system-out/>
</testsuite> <!-- testng.TestNG_8_Groups_TC -->
